<?xml version="1.0" encoding="UTF-8"?>
<!-- Generated by org.testng.reporters.JUnitXMLReporter -->
<testsuite hostname="ASDP1734PO02529" ignored="0" name="Default test" tests="8" failures="0" timestamp="30 Jun 2017 10:12:47 GMT" time="0.267" errors="0">
  <testcase name="deletePlayer" time="0.007" classname="com.qainfotech.tap.training.snl.api.BoardTest"/>
  <testcase name="deletePlayer_NoUserWithSuchUUIDException" time="0.002" classname="com.qainfotech.tap.training.snl.api.BoardTest"/>
  <testcase name="registerPlayer" time="0.011" classname="com.qainfotech.tap.training.snl.api.BoardTest"/>
  <testcase name="registerPlayer_MaxPlayersReachedExeption" time="0.007" classname="com.qainfotech.tap.training.snl.api.BoardTest"/>
  <testcase name="registerPlayer_PlayerExistsException" time="0.001" classname="com.qainfotech.tap.training.snl.api.BoardTest"/>
  <testcase name="registerplayer_GameInProgressException" time="0.01" classname="com.qainfotech.tap.training.snl.api.BoardTest"/>
  <testcase name="rollDice" time="0.005" classname="com.qainfotech.tap.training.snl.api.BoardTest"/>
  <testcase name="rollDie_InvalidTurnException" time="0.004" classname="com.qainfotech.tap.training.snl.api.BoardTest"/>
</testsuite> <!-- Default test -->
